Determining if the pthread_create exist failed with the following output:
Change Dir: /home/yl/CLionProjects/WPTR/cmake-build-debug/CMakeFiles/CMakeTmp

Run Build Command:"/usr/bin/make" "cmTC_326b9/fast"
/usr/bin/make -f CMakeFiles/cmTC_326b9.dir/build.make CMakeFiles/cmTC_326b9.dir/build
make[1]: 进入目录“/home/yl/CLionProjects/WPTR/cmake-build-debug/CMakeFiles/CMakeTmp”
Building C object CMakeFiles/cmTC_326b9.dir/CheckSymbolExists.c.o
/usr/bin/cc   -fPIC    -o CMakeFiles/cmTC_326b9.dir/CheckSymbolExists.c.o   -c /home/yl/CLionProjects/WPTR/cmake-build-debug/CMakeFiles/CMakeTmp/CheckSymbolExists.c
Linking C executable cmTC_326b9
/home/yl/clion-2017.3.3/bin/cmake/bin/cmake -E cmake_link_script CMakeFiles/cmTC_326b9.dir/link.txt --verbose=1
/usr/bin/cc -fPIC     -rdynamic CMakeFiles/cmTC_326b9.dir/CheckSymbolExists.c.o  -o cmTC_326b9 
CMakeFiles/cmTC_326b9.dir/CheckSymbolExists.c.o：在函数‘main’中：
CheckSymbolExists.c:(.text+0x1b)：对‘pthread_create’未定义的引用
collect2: error: ld returned 1 exit status
CMakeFiles/cmTC_326b9.dir/build.make:97: recipe for target 'cmTC_326b9' failed
make[1]: *** [cmTC_326b9] Error 1
make[1]: 离开目录“/home/yl/CLionProjects/WPTR/cmake-build-debug/CMakeFiles/CMakeTmp”
Makefile:126: recipe for target 'cmTC_326b9/fast' failed
make: *** [cmTC_326b9/fast] Error 2

File /home/yl/CLionProjects/WPTR/cmake-build-debug/CMakeFiles/CMakeTmp/CheckSymbolExists.c:
/* */
#include <pthread.h>

int main(int argc, char** argv)
{
  (void)argv;
#ifndef pthread_create
  return ((int*)(&pthread_create))[argc];
#else
  (void)argc;
  return 0;
#endif
}

Determining if the function pthread_create exists in the pthreads failed with the following output:
Change Dir: /home/yl/CLionProjects/WPTR/cmake-build-debug/CMakeFiles/CMakeTmp

Run Build Command:"/usr/bin/make" "cmTC_34423/fast"
/usr/bin/make -f CMakeFiles/cmTC_34423.dir/build.make CMakeFiles/cmTC_34423.dir/build
make[1]: 进入目录“/home/yl/CLionProjects/WPTR/cmake-build-debug/CMakeFiles/CMakeTmp”
Building C object CMakeFiles/cmTC_34423.dir/CheckFunctionExists.c.o
/usr/bin/cc   -fPIC -DCHECK_FUNCTION_EXISTS=pthread_create   -o CMakeFiles/cmTC_34423.dir/CheckFunctionExists.c.o   -c /home/yl/clion-2017.3.3/bin/cmake/share/cmake-3.9/Modules/CheckFunctionExists.c
Linking C executable cmTC_34423
/home/yl/clion-2017.3.3/bin/cmake/bin/cmake -E cmake_link_script CMakeFiles/cmTC_34423.dir/link.txt --verbose=1
/usr/bin/cc -fPIC -DCHECK_FUNCTION_EXISTS=pthread_create    -rdynamic CMakeFiles/cmTC_34423.dir/CheckFunctionExists.c.o  -o cmTC_34423 -lpthreads 
/usr/bin/x86_64-linux-gnu-ld: 找不到 -lpthreads
collect2: error: ld returned 1 exit status
CMakeFiles/cmTC_34423.dir/build.make:97: recipe for target 'cmTC_34423' failed
make[1]: *** [cmTC_34423] Error 1
make[1]: 离开目录“/home/yl/CLionProjects/WPTR/cmake-build-debug/CMakeFiles/CMakeTmp”
Makefile:126: recipe for target 'cmTC_34423/fast' failed
make: *** [cmTC_34423/fast] Error 2


